123 - task completed at - 2024-08-27T11:20:17.555Z
123 - task completed at - 2024-08-27T11:20:18.785Z
123 - task completed at - 2024-08-27T11:20:19.802Z
123 - task completed at - 2024-08-27T11:20:20.813Z
123 - task completed at - 2024-08-27T11:20:21.830Z
123 - task completed at - 2024-08-27T11:20:22.836Z
123 - task completed at - 2024-08-27T11:20:23.851Z
123 - task completed at - 2024-08-27T11:20:24.867Z
123 - task completed at - 2024-08-27T11:20:25.878Z
123 - task completed at - 2024-08-27T11:20:26.892Z
123 - task completed at - 2024-08-27T11:20:27.899Z
123 - task completed at - 2024-08-27T11:20:28.911Z
123 - task completed at - 2024-08-27T11:20:29.921Z
123 - task completed at - 2024-08-27T11:20:30.938Z
123 - task completed at - 2024-08-27T11:20:31.952Z
123 - task completed at - 2024-08-27T11:20:32.959Z
123 - task completed at - 2024-08-27T11:20:33.967Z
123 - task completed at - 2024-08-27T11:20:34.981Z
123 - task completed at - 2024-08-27T11:20:35.992Z
123 - task completed at - 2024-08-27T11:20:37.004Z
klj - task completed at - 2024-08-27T11:20:58.530Z
lkj - task completed at - 2024-08-27T11:21:00.952Z
lkjl - task completed at - 2024-08-27T11:21:07.467Z
lkjl - task completed at - 2024-08-27T11:21:08.474Z
lkjl - task completed at - 2024-08-27T11:21:09.487Z
lkjl - task completed at - 2024-08-27T11:21:10.497Z
lkjl - task completed at - 2024-08-27T11:21:11.506Z
lkjl - task completed at - 2024-08-27T11:21:12.516Z
lkjl - task completed at - 2024-08-27T11:21:13.529Z
lkjl - task completed at - 2024-08-27T11:21:14.542Z
lkjl - task completed at - 2024-08-27T11:21:15.551Z
lkjl - task completed at - 2024-08-27T11:21:16.563Z
lkjl - task completed at - 2024-08-27T11:21:17.571Z
lkjl - task completed at - 2024-08-27T11:21:18.585Z
lkjl - task completed at - 2024-08-27T11:21:19.594Z
lkjl - task completed at - 2024-08-27T11:21:20.604Z
lkjl - task completed at - 2024-08-27T11:21:21.618Z
lkjl - task completed at - 2024-08-27T11:21:22.624Z
kj - task completed at - 2024-08-27T11:21:23.550Z
lkjl - task completed at - 2024-08-27T11:21:23.637Z
kj - task completed at - 2024-08-27T11:21:24.558Z
lkjl - task completed at - 2024-08-27T11:21:24.650Z
kj - task completed at - 2024-08-27T11:21:25.565Z
lkjl - task completed at - 2024-08-27T11:21:25.659Z
kj - task completed at - 2024-08-27T11:21:26.575Z
lkjl - task completed at - 2024-08-27T11:21:26.669Z
kj - task completed at - 2024-08-27T11:21:27.585Z
kj - task completed at - 2024-08-27T11:21:28.591Z
kj - task completed at - 2024-08-27T11:21:29.593Z
kj - task completed at - 2024-08-27T11:21:30.606Z
kj - task completed at - 2024-08-27T11:21:31.619Z
kj - task completed at - 2024-08-27T11:21:32.634Z
kj - task completed at - 2024-08-27T11:21:33.651Z
kj - task completed at - 2024-08-27T11:21:34.664Z
kj - task completed at - 2024-08-27T11:21:35.675Z
kj - task completed at - 2024-08-27T11:21:36.681Z
kj - task completed at - 2024-08-27T11:21:37.690Z
kj - task completed at - 2024-08-27T11:21:38.691Z
hjhj - task completed at - 2024-08-27T11:21:39.270Z
kj - task completed at - 2024-08-27T11:21:39.701Z
hjhj - task completed at - 2024-08-27T11:21:40.275Z
kj - task completed at - 2024-08-27T11:21:40.709Z
hjhj - task completed at - 2024-08-27T11:21:41.282Z
kj - task completed at - 2024-08-27T11:21:41.718Z
kj - task completed at - 2024-08-27T11:21:42.730Z
hjhj - task completed at - 2024-08-27T11:21:43.606Z
hjhj - task completed at - 2024-08-27T11:21:44.823Z
hjhj - task completed at - 2024-08-27T11:21:45.833Z
hjhj - task completed at - 2024-08-27T11:21:46.846Z
hjhj - task completed at - 2024-08-27T11:21:47.854Z
hjhj - task completed at - 2024-08-27T11:21:48.866Z
